info it worked if it ends with ok
verbose cli [ 'c:\\PROGRAM FILES (X86)\\NODEJS\\node.exe',
verbose cli   'c:\\PROGRAM FILES (X86)\\NODEJS\\node_modules\\npm\\bin\\npm-cli.js',
verbose cli   'install' ]
info using npm@1.1.24
info using node@v0.6.19
verbose config file C:\Users\Rodney Strong\.npmrc
verbose config file c:\PROGRAM FILES (X86)\NODEJS\etc\npmrc
verbose config file c:\PROGRAM FILES (X86)\NODEJS\node_modules\npm\npmrc
verbose caching f:\alex\my documents\git-repos\js-shopping-list\package.json
verbose loadDefaults js-shopping-list@0.0.0
verbose readDependencies: using package.json deps
verbose where, deps [ 'f:\\alex\\my documents\\git-repos\\js-shopping-list',
verbose where, deps   [ 'body-parser',
verbose where, deps     'express',
verbose where, deps     'grunt',
verbose where, deps     'grunt-contrib-compass',
verbose where, deps     'grunt-express',
verbose where, deps     'load-grunt-config' ] ]
verbose from cache f:\alex\my documents\git-repos\js-shopping-list\package.json
info preinstall js-shopping-list@0.0.0
verbose from cache f:\alex\my documents\git-repos\js-shopping-list\package.json
verbose readDependencies: using package.json deps
verbose cache add [ 'express@^4.9.0', null ]
silly cache add: name, spec, args [ undefined, 'express@^4.9.0', [ 'express@^4.9.0', null ] ]
verbose parsed url { pathname: 'express@^4.9.0',
verbose parsed url   path: 'express@^4.9.0',
verbose parsed url   href: 'express@^4.9.0' }
silly cache add: name, spec, args [ 'express', '^4.9.0', [ 'express', '^4.9.0' ] ]
verbose parsed url { pathname: '^4.9.0', path: '^4.9.0', href: '^4.9.0' }
verbose addNamed [ 'express', '^4.9.0' ]
verbose addNamed [ null, null ]
info addNameTag [ 'express', '^4.9.0' ]
verbose cache add [ 'grunt@^0.4.5', null ]
silly cache add: name, spec, args [ undefined, 'grunt@^0.4.5', [ 'grunt@^0.4.5', null ] ]
verbose parsed url { pathname: 'grunt@^0.4.5',
verbose parsed url   path: 'grunt@^0.4.5',
verbose parsed url   href: 'grunt@^0.4.5' }
silly cache add: name, spec, args [ 'grunt', '^0.4.5', [ 'grunt', '^0.4.5' ] ]
verbose parsed url { pathname: '^0.4.5', path: '^0.4.5', href: '^0.4.5' }
verbose addNamed [ 'grunt', '^0.4.5' ]
verbose addNamed [ null, null ]
info addNameTag [ 'grunt', '^0.4.5' ]
verbose cache add [ 'grunt-contrib-compass@^1.0.1', null ]
silly cache add: name, spec, args [ undefined,
silly cache add: name, spec, args   'grunt-contrib-compass@^1.0.1',
silly cache add: name, spec, args   [ 'grunt-contrib-compass@^1.0.1', null ] ]
verbose parsed url { pathname: 'grunt-contrib-compass@^1.0.1',
verbose parsed url   path: 'grunt-contrib-compass@^1.0.1',
verbose parsed url   href: 'grunt-contrib-compass@^1.0.1' }
silly cache add: name, spec, args [ 'grunt-contrib-compass',
silly cache add: name, spec, args   '^1.0.1',
silly cache add: name, spec, args   [ 'grunt-contrib-compass', '^1.0.1' ] ]
verbose parsed url { pathname: '^1.0.1', path: '^1.0.1', href: '^1.0.1' }
verbose addNamed [ 'grunt-contrib-compass', '^1.0.1' ]
verbose addNamed [ null, null ]
info addNameTag [ 'grunt-contrib-compass', '^1.0.1' ]
verbose cache add [ 'grunt-express@^1.4.1', null ]
silly cache add: name, spec, args [ undefined,
silly cache add: name, spec, args   'grunt-express@^1.4.1',
silly cache add: name, spec, args   [ 'grunt-express@^1.4.1', null ] ]
verbose parsed url { pathname: 'grunt-express@^1.4.1',
verbose parsed url   path: 'grunt-express@^1.4.1',
verbose parsed url   href: 'grunt-express@^1.4.1' }
silly cache add: name, spec, args [ 'grunt-express', '^1.4.1', [ 'grunt-express', '^1.4.1' ] ]
verbose parsed url { pathname: '^1.4.1', path: '^1.4.1', href: '^1.4.1' }
verbose addNamed [ 'grunt-express', '^1.4.1' ]
verbose addNamed [ null, null ]
info addNameTag [ 'grunt-express', '^1.4.1' ]
verbose cache add [ 'load-grunt-config@^0.13.1', null ]
silly cache add: name, spec, args [ undefined,
silly cache add: name, spec, args   'load-grunt-config@^0.13.1',
silly cache add: name, spec, args   [ 'load-grunt-config@^0.13.1', null ] ]
verbose parsed url { pathname: 'load-grunt-config@^0.13.1',
verbose parsed url   path: 'load-grunt-config@^0.13.1',
verbose parsed url   href: 'load-grunt-config@^0.13.1' }
silly cache add: name, spec, args [ 'load-grunt-config',
silly cache add: name, spec, args   '^0.13.1',
silly cache add: name, spec, args   [ 'load-grunt-config', '^0.13.1' ] ]
verbose parsed url { pathname: '^0.13.1', path: '^0.13.1', href: '^0.13.1' }
verbose addNamed [ 'load-grunt-config', '^0.13.1' ]
verbose addNamed [ null, null ]
info addNameTag [ 'load-grunt-config', '^0.13.1' ]
verbose cache add [ 'body-parser@^1.8.2', null ]
silly cache add: name, spec, args [ undefined,
silly cache add: name, spec, args   'body-parser@^1.8.2',
silly cache add: name, spec, args   [ 'body-parser@^1.8.2', null ] ]
verbose parsed url { pathname: 'body-parser@^1.8.2',
verbose parsed url   path: 'body-parser@^1.8.2',
verbose parsed url   href: 'body-parser@^1.8.2' }
silly cache add: name, spec, args [ 'body-parser', '^1.8.2', [ 'body-parser', '^1.8.2' ] ]
verbose parsed url { pathname: '^1.8.2', path: '^1.8.2', href: '^1.8.2' }
verbose addNamed [ 'body-parser', '^1.8.2' ]
verbose addNamed [ null, null ]
info addNameTag [ 'body-parser', '^1.8.2' ]
verbose raw, before any munging express
verbose url resolving [ 'https://registry.npmjs.org/', './express' ]
verbose url resolved https://registry.npmjs.org/express
http GET https://registry.npmjs.org/express
verbose raw, before any munging grunt
verbose url resolving [ 'https://registry.npmjs.org/', './grunt' ]
verbose url resolved https://registry.npmjs.org/grunt
http GET https://registry.npmjs.org/grunt
verbose raw, before any munging grunt-contrib-compass
verbose url resolving [ 'https://registry.npmjs.org/', './grunt-contrib-compass' ]
verbose url resolved https://registry.npmjs.org/grunt-contrib-compass
http GET https://registry.npmjs.org/grunt-contrib-compass
verbose raw, before any munging grunt-express
verbose url resolving [ 'https://registry.npmjs.org/', './grunt-express' ]
verbose url resolved https://registry.npmjs.org/grunt-express
http GET https://registry.npmjs.org/grunt-express
verbose raw, before any munging load-grunt-config
verbose url resolving [ 'https://registry.npmjs.org/', './load-grunt-config' ]
verbose url resolved https://registry.npmjs.org/load-grunt-config
http GET https://registry.npmjs.org/load-grunt-config
verbose raw, before any munging body-parser
verbose url resolving [ 'https://registry.npmjs.org/', './body-parser' ]
verbose url resolved https://registry.npmjs.org/body-parser
http GET https://registry.npmjs.org/body-parser
http 200 https://registry.npmjs.org/grunt
silly get cb [ 200,
silly get cb   { date: 'Thu, 18 Sep 2014 04:07:07 GMT',
silly get cb     server: 'CouchDB/1.5.0 (Erlang OTP/R16B03)',
silly get cb     etag: '"DW3VUCN5FW0WHDR6GV3W694RB"',
silly get cb     'content-type': 'application/json',
silly get cb     'cache-control': 'max-age=60',
silly get cb     'content-length': '86744',
silly get cb     'accept-ranges': 'bytes',
silly get cb     via: '1.1 varnish',
silly get cb     age: '6236',
silly get cb     'x-served-by': 'cache-lax1432-LAX',
silly get cb     'x-cache': 'HIT',
silly get cb     'x-cache-hits': '2',
silly get cb     'x-timer': 'S1411013227.138145,VS0,VE0',
silly get cb     vary: 'Accept',
silly get cb     'keep-alive': 'timeout=10, max=50',
silly get cb     connection: 'Keep-Alive' } ]
ERR! Error: No compatible version found: grunt@'^0.4.5'
ERR! Valid install targets:
ERR! ["0.1.0","0.1.1","0.1.2","0.2.0","0.2.1","0.2.2","0.2.3","0.2.4","0.2.5","0.2.6","0.2.7","0.2.8","0.2.9","0.2.10","0.2.11","0.2.12","0.2.13","0.2.14","0.2.15","0.3.0","0.3.1","0.3.2","0.3.3","0.3.4","0.3.5","0.3.6","0.3.7","0.3.8","0.3.9","0.3.10","0.3.11","0.3.12","0.3.13","0.3.14","0.3.15","0.3.16","0.3.17","0.3.13-a"]
ERR!     at installTargetsError (c:\PROGRAM FILES (X86)\NODEJS\node_modules\npm\lib\cache.js:496:10)
ERR!     at c:\PROGRAM FILES (X86)\NODEJS\node_modules\npm\lib\cache.js:383:15
ERR!     at saved (c:\PROGRAM FILES (X86)\NODEJS\node_modules\npm\lib\utils\npm-registry-client\get.js:151:7)
ERR!     at Object.oncomplete (c:\PROGRAM FILES (X86)\NODEJS\node_modules\npm\node_modules\graceful-fs\graceful-fs.js:230:7)
ERR! You may report this log at:
ERR!     <http://github.com/isaacs/npm/issues>
ERR! or email it to:
ERR!     <npm-@googlegroups.com>
ERR! 
ERR! System Windows_NT 6.1.7601
ERR! command "c:\\PROGRAM FILES (X86)\\NODEJS\\node.exe" "c:\\PROGRAM FILES (X86)\\NODEJS\\node_modules\\npm\\bin\\npm-cli.js" "install"
ERR! cwd f:\alex\my documents\git-repos\js-shopping-list
ERR! node -v v0.6.19
ERR! npm -v 1.1.24
ERR! message No compatible version found: grunt@'^0.4.5'
ERR! message Valid install targets:
ERR! message ["0.1.0","0.1.1","0.1.2","0.2.0","0.2.1","0.2.2","0.2.3","0.2.4","0.2.5","0.2.6","0.2.7","0.2.8","0.2.9","0.2.10","0.2.11","0.2.12","0.2.13","0.2.14","0.2.15","0.3.0","0.3.1","0.3.2","0.3.3","0.3.4","0.3.5","0.3.6","0.3.7","0.3.8","0.3.9","0.3.10","0.3.11","0.3.12","0.3.13","0.3.14","0.3.15","0.3.16","0.3.17","0.3.13-a"]
verbose exit [ 1, true ]
